{"/Users/mateuszgrzesiukiewicz/Work/reactnativebook/src/Chapter 1: React component patterns/Example 8: Snapshot test of expandable component/App.js": {"path":"/Users/mateuszgrzesiukiewicz/Work/reactnativebook/src/Chapter 1: React component patterns/Example 8: Snapshot test of expandable component/App.js","statementMap":{"0":{"start":{"line":4,"column":18},"end":{"line":6,"column":1}},"1":{"start":{"line":5,"column":4},"end":{"line":5,"column":43}},"2":{"start":{"line":9,"column":8},"end":{"line":9,"column":16}},"3":{"start":{"line":10,"column":8},"end":{"line":13,"column":9}},"4":{"start":{"line":18,"column":8},"end":{"line":18,"column":56}},"5":{"start":{"line":22,"column":8},"end":{"line":37,"column":15}},"6":{"start":{"line":23,"column":38},"end":{"line":23,"column":61}},"7":{"start":{"line":26,"column":38},"end":{"line":26,"column":61}},"8":{"start":{"line":41,"column":15},"end":{"line":52,"column":2}}},"fnMap":{"0":{"name":"(anonymous_0)","decl":{"start":{"line":4,"column":18},"end":{"line":4,"column":19}},"loc":{"start":{"line":5,"column":4},"end":{"line":5,"column":43}},"line":5},"1":{"name":"(anonymous_1)","decl":{"start":{"line":8,"column":4},"end":{"line":8,"column":5}},"loc":{"start":{"line":8,"column":18},"end":{"line":14,"column":5}},"line":8},"2":{"name":"(anonymous_2)","decl":{"start":{"line":16,"column":4},"end":{"line":16,"column":5}},"loc":{"start":{"line":16,"column":23},"end":{"line":19,"column":5}},"line":16},"3":{"name":"(anonymous_3)","decl":{"start":{"line":21,"column":13},"end":{"line":21,"column":14}},"loc":{"start":{"line":22,"column":8},"end":{"line":37,"column":15}},"line":22},"4":{"name":"(anonymous_4)","decl":{"start":{"line":23,"column":32},"end":{"line":23,"column":33}},"loc":{"start":{"line":23,"column":38},"end":{"line":23,"column":61}},"line":23},"5":{"name":"(anonymous_5)","decl":{"start":{"line":26,"column":32},"end":{"line":26,"column":33}},"loc":{"start":{"line":26,"column":38},"end":{"line":26,"column":61}},"line":26}},"branchMap":{"0":{"loc":{"start":{"line":30,"column":16},"end":{"line":35,"column":28}},"type":"binary-expr","locations":[{"start":{"line":30,"column":16},"end":{"line":30,"column":35}},{"start":{"line":31,"column":16},"end":{"line":35,"column":28}}],"line":30}},"s":{"0":1,"1":2,"2":1,"3":1,"4":0,"5":1,"6":0,"7":0,"8":1},"f":{"0":2,"1":1,"2":0,"3":1,"4":0,"5":0},"b":{"0":[1,0]},"_coverageSchema":"332fd63041d2c1bcb487cc26dd0d5f7d97098a6c","hash":"2cdd75b3c461310c0bfa1f3a66d22ef8741cf298"}
}
