<?xml version="1.0" encoding="UTF-8"?>
<coverage generated="1520687899208" clover="3.2.0">
  <project timestamp="1520687899208" name="All files">
    <metrics statements="9" coveredstatements="6" conditionals="2" coveredconditionals="1" methods="6" coveredmethods="3" elements="17" coveredelements="10" complexity="0" loc="9" ncloc="9" packages="1" files="1" classes="1">
      <file name="App.js" path="/Users/mateuszgrzesiukiewicz/Work/reactnativebook/src/Chapter 1: React component patterns/Example 8: Snapshot test of expandable component/App.js">
        <metrics statements="9" coveredstatements="6" conditionals="2" coveredconditionals="1" methods="6" coveredmethods="3"/>
        <line num="4" count="1" type="stmt"/>
        <line num="5" count="2" type="stmt"/>
        <line num="9" count="1" type="stmt"/>
        <line num="10" count="1" type="stmt"/>
        <line num="18" count="0" type="stmt"/>
        <line num="22" count="1" type="stmt"/>
        <line num="23" count="0" type="stmt"/>
        <line num="26" count="0" type="stmt"/>
        <line num="41" count="1" type="stmt"/>
      </file>
    </metrics>
  </project>
</coverage>
