TN:
SF:/Users/mateuszgrzesiukiewicz/Work/reactnativebook/src/Chapter 1: React component patterns/Example 8: Snapshot test of expandable component/App.js
FN:4,(anonymous_0)
FN:8,(anonymous_1)
FN:16,(anonymous_2)
FN:21,(anonymous_3)
FN:23,(anonymous_4)
FN:26,(anonymous_5)
FNF:6
FNH:3
FNDA:2,(anonymous_0)
FNDA:1,(anonymous_1)
FNDA:0,(anonymous_2)
FNDA:1,(anonymous_3)
FNDA:0,(anonymous_4)
FNDA:0,(anonymous_5)
DA:4,1
DA:5,2
DA:9,1
DA:10,1
DA:18,0
DA:22,1
DA:23,0
DA:26,0
DA:41,1
LF:9
LH:6
BRDA:30,0,0,1
BRDA:30,0,1,0
BRF:2
BRH:1
end_of_record
